[2017-07-04 15:14:11] slim-app.INFO: Users list [] {"uid":"aac6ae7"}
[2017-07-04 15:18:17] slim-app.INFO: Users list [] {"uid":"348ea09"}
[2017-07-04 15:19:34] slim-app.INFO: Users list [] {"uid":"ac28dae"}
[2017-07-04 15:19:36] slim-app.INFO: Users list [] {"uid":"5a68b94"}
[2017-07-04 15:24:57] slim-app.INFO: Users list [] {"uid":"3c76807"}
[2017-07-09 13:42:21] slim-app.INFO: Users list [] {"uid":"3197519"}
[2017-07-09 13:44:01] slim-app.INFO: Users list [] {"uid":"a102d76"}
[2017-07-09 13:44:24] slim-app.INFO: Users list [] {"uid":"c502154"}
[2017-07-09 13:44:25] slim-app.INFO: Users list [] {"uid":"530d6f4"}
[2017-07-09 13:45:43] slim-app.INFO: Users list [] {"uid":"720089b"}
[2017-07-09 13:46:39] slim-app.INFO: Users list [] {"uid":"4634fce"}
[2017-07-09 13:46:40] slim-app.INFO: Users list [] {"uid":"e6cf66e"}
[2017-07-09 13:53:26] slim-app.INFO: Users list [] {"uid":"3a4cff9"}
[2017-07-09 14:04:21] slim-app.INFO: Users list [] {"uid":"ba0de7d"}
[2017-07-15 16:19:52] slim-app.INFO: Users list [] {"uid":"417ee7d"}
[2017-07-15 16:21:00] slim-app.INFO: Users list [] {"uid":"2467ae1"}
[2017-07-15 18:29:21] slim-app.INFO: Users list [] {"uid":"6b6f39b"}
[2017-07-15 18:29:42] slim-app.INFO: Users list [] {"uid":"8266512"}
asdads
asdadsa
dfs
ds[2017-07-15 18:29:58] slim-app.INFO: Users list [] {"uid":"c116657"}
[2017-07-15 18:31:12] slim-app.INFO: Users list [] {"uid":"2a12ca6"}
[2017-07-15 18:39:16] slim-app.INFO: Users list [] {"uid":"d36f6b4"}
[2017-07-15 18:39:20] slim-app.INFO: Users list [] {"uid":"ad5b765"}






[2017-07-15 18:39:33] slim-app.INFO: Users list [] {"uid":"f3fbb9a"}
[2017-07-15 18:40:47] slim-app.INFO: Users list [] {"uid":"bd85454"}
[2017-07-15 18:42:19] slim-app.INFO: Users list [] {"uid":"f1d33ee"}
[2017-07-15 21:39:00] slim-app.INFO: All Products list [] {"uid":"7cb96df"}
[2017-07-15 21:43:37] slim-app.INFO: All Products list [] {"uid":"324ca41"}
[2017-07-31 01:28:26] slim-app.INFO: All Products list [] {"uid":"d16ef74"}
[2017-07-31 01:33:09] slim-app.INFO: All Products list [] {"uid":"4babc5e"}
[2017-07-31 01:36:58] slim-app.INFO: All Products list [] {"uid":"d1c7825"}
[2017-07-31 01:37:44] slim-app.INFO: All Products list [] {"uid":"be3ab4d"}
[2017-07-31 01:37:55] slim-app.INFO: All Products list [] {"uid":"46235be"}
[2017-07-31 01:38:19] slim-app.INFO: All Products list [] {"uid":"2e3fec7"}
[2017-07-31 01:41:14] slim-app.INFO: All Products list [] {"uid":"172aa0a"}
[2017-07-31 01:41:28] slim-app.INFO: All Products list [] {"uid":"c3f6bb7"}
[2017-07-31 01:43:29] slim-app.INFO: All Products list [] {"uid":"cac0bc2"}
[2017-07-31 01:43:31] slim-app.INFO: All Products list [] {"uid":"71f75aa"}
[2017-07-31 01:44:30] slim-app.INFO: All Products list [] {"uid":"270a832"}
[2017-07-31 01:44:38] slim-app.INFO: All Products list [] {"uid":"8d9984b"}
[2017-07-31 01:45:06] slim-app.INFO: All Products list [] {"uid":"caf9ee4"}
[2017-07-31 01:46:00] slim-app.INFO: All Products list [] {"uid":"5c2c3e8"}
[2017-07-31 01:46:16] slim-app.INFO: All Products list [] {"uid":"5200217"}
[2017-07-31 01:48:41] slim-app.INFO: All Products list [] {"uid":"fbefc4e"}
[2017-07-31 01:49:05] slim-app.INFO: All Products list [] {"uid":"f560f11"}
[2017-07-31 01:49:24] slim-app.INFO: All Products list [] {"uid":"ad535d4"}
[2017-07-31 01:49:33] slim-app.INFO: All Products list [] {"uid":"2355e8a"}
[2017-07-31 01:49:43] slim-app.INFO: All Products list [] {"uid":"32a9ff3"}
[2017-07-31 01:50:05] slim-app.INFO: All Products list [] {"uid":"1c7bdf5"}
[2017-07-31 01:50:16] slim-app.INFO: All Products list [] {"uid":"d7c218d"}
[2017-07-31 01:50:34] slim-app.INFO: All Products list [] {"uid":"e2b1b47"}
[2017-07-31 01:50:53] slim-app.INFO: All Products list [] {"uid":"cc4dc6f"}
[2017-07-31 01:51:15] slim-app.INFO: All Products list [] {"uid":"50bf391"}
[2017-07-31 01:53:27] slim-app.INFO: All Products list [] {"uid":"06bb84f"}
[2017-07-31 01:53:37] slim-app.INFO: All Products list [] {"uid":"3e2ed53"}
[2017-07-31 01:57:18] slim-app.INFO: All Products list [] {"uid":"224dd86"}
[2017-07-31 01:57:20] slim-app.INFO: All Products list [] {"uid":"39ec37a"}
[2017-07-31 01:58:45] slim-app.INFO: All Products list [] {"uid":"420f07a"}
[2017-07-31 01:58:54] slim-app.INFO: All Products list [] {"uid":"93749ab"}
[2017-07-31 01:59:05] slim-app.INFO: All Products list [] {"uid":"e1b41ba"}
[2017-07-31 01:59:22] slim-app.INFO: All Products list [] {"uid":"b6b848e"}
[2017-07-31 02:00:58] slim-app.INFO: All Products list [] {"uid":"05bce5d"}
[2017-07-31 02:02:05] slim-app.INFO: All Products list [] {"uid":"4348ace"}
[2017-07-31 02:03:24] slim-app.INFO: All Products list [] {"uid":"b9fad13"}
[2017-07-31 02:06:50] slim-app.INFO: All Products list [] {"uid":"1a85406"}
[2017-07-31 02:07:48] slim-app.INFO: All Products list [] {"uid":"83be968"}
[2017-07-31 02:07:56] slim-app.INFO: All Products list [] {"uid":"a02883c"}
[2017-07-31 02:08:33] slim-app.INFO: All Products list [] {"uid":"2968d9a"}
[2017-07-31 02:08:48] slim-app.INFO: All Products list [] {"uid":"346a8f5"}
[2017-07-31 02:08:59] slim-app.INFO: All Products list [] {"uid":"e92e9f2"}
[2017-08-09 19:22:22] slim-app.INFO: All Products list [] {"uid":"c707f9e"}
[2017-08-09 19:23:41] slim-app.INFO: All Products list [] {"uid":"6489b4c"}
[2017-08-09 20:57:02] slim-app.INFO: All Products list [] {"uid":"39816a7"}
[2017-08-09 20:59:27] slim-app.INFO: All Products list [] {"uid":"4afa7de"}
[2017-08-09 20:59:38] slim-app.INFO: All Products list [] {"uid":"a9a5b1c"}
[2017-08-09 21:00:03] slim-app.INFO: All Products list [] {"uid":"7b7a597"}
[2017-08-09 21:01:35] slim-app.INFO: All Products list [] {"uid":"b685541"}
[2017-08-09 21:01:59] slim-app.INFO: All Products list [] {"uid":"1780ffe"}
